c:\users\loic\documents\projetdev\code_vs13\libxtools\release\vc120.pdb
c:\users\loic\documents\projetdev\code_vs13\libxtools\release\xsensor.obj
c:\users\loic\documents\projetdev\code_vs13\libxtools\release\xrect.obj
c:\users\loic\documents\projetdev\code_vs13\libxtools\release\xrawimage.obj
c:\users\loic\documents\projetdev\code_vs13\libxtools\release\xquaternion.obj
c:\users\loic\documents\projetdev\code_vs13\libxtools\release\xpt3d.obj
c:\users\loic\documents\projetdev\code_vs13\libxtools\release\xpt2d.obj
c:\users\loic\documents\projetdev\code_vs13\libxtools\release\xpath.obj
c:\users\loic\documents\projetdev\code_vs13\libxtools\release\xmat3d.obj
c:\users\loic\documents\projetdev\code_vs13\libxtools\release\ximagetiffloader.obj
c:\users\loic\documents\projetdev\code_vs13\libxtools\release\ximageloader.obj
c:\users\loic\documents\projetdev\code_vs13\libxtools\release\ximage.obj
c:\users\loic\documents\projetdev\code_vs13\libxtools\release\xframe.obj
c:\users\loic\documents\projetdev\code_vs13\libxtools\release\xfiletxtreader.obj
c:\users\loic\documents\projetdev\code_vs13\libxtools\release\xerrorxml.obj
c:\users\loic\documents\projetdev\code_vs13\libxtools\release\xerrortxt.obj
c:\users\loic\documents\projetdev\code_vs13\libxtools\release\xarchixmltools.obj
c:\users\loic\documents\projetdev\code_vs13\libxtools\release\xarchixmlbasetools.obj
c:\users\loic\documents\projetdev\code_vs13\libxtools\release\xarchigeorefxml.obj
c:\users\loic\documents\projetdev\code_vs13\libxtools\release\xarchigeoref.obj
c:\users\loic\documents\projetdev\code_vs13\libxtools\release\consoleerror.obj
c:\users\loic\documents\projetdev\code_vs13\libxtools\release\xsysteminfo.obj
c:\users\loic\documents\projetdev\code_vs13\libxtools\release\xstringtools.obj
c:\users\loic\documents\projetdev\code_vs13\libxtools\release\xsensorxml.obj
c:\users\loic\documents\projetdev\code_vs13\lasertarget\release\libxtools.lib
c:\users\loic\documents\projetdev\code_vs13\libxtools\release\libxtools.tlog\cl.command.1.tlog
c:\users\loic\documents\projetdev\code_vs13\libxtools\release\libxtools.tlog\cl.read.1.tlog
c:\users\loic\documents\projetdev\code_vs13\libxtools\release\libxtools.tlog\cl.write.1.tlog
c:\users\loic\documents\projetdev\code_vs13\libxtools\release\libxtools.tlog\lib-link.read.1.tlog
c:\users\loic\documents\projetdev\code_vs13\libxtools\release\libxtools.tlog\lib-link.write.1.tlog
c:\users\loic\documents\projetdev\code_vs13\libxtools\release\libxtools.tlog\lib.command.1.tlog
