Build started 01/10/2015 10:34:21.
     1>Project "C:\dev\ENSG_VS13\tinyxml\tinyxml_lib.vcxproj" on node 2 (Build target(s)).
     1>ClCompile:
         C:\Program Files (x86)\Microsoft Visual Studio 12.0\VC\bin\CL.exe /c /Zi /nologo /W3 /WX- /O2 /Oy- /D WIN32 /D NDEBUG /D _LIB /D TIXML_USE_STL /D _VC80_UPGRADE=0x0710 /D _MBCS /GF /Gm- /EHsc /MD /GS /Gy /fp:precise /Zc:wchar_t /Zc:forScope /Fo"C:\dev\ENSG_VS13\tinyxml\build/Release/" /Fd"C:\dev\ENSG_VS13\tinyxml\build/Release/tinyxml.pdb" /Gd /TP /analyze- /errorReport:prompt tinystr.cpp tinyxml.cpp tinyxmlerror.cpp tinyxmlparser.cpp
         tinystr.cpp
         tinyxml.cpp
         tinyxmlerror.cpp
         tinyxmlparser.cpp
         Generating Code...
     1>C:\Program Files (x86)\MSBuild\Microsoft.Cpp\v4.0\V120\Microsoft.CppBuild.targets(1361,5): warning MSB8012: TargetPath(C:\dev\ENSG_VS13\tinyxml\Release\tinyxml_lib.lib) does not match the Library's OutputFile property value (C:\dev\ENSG_VS13\tinyxml\Release\tinyxml.lib). This may cause your project to build incorrectly. To correct this, please make sure that $(OutDir), $(TargetName) and $(TargetExt) property values match the value specified in %(Lib.OutputFile).
     1>C:\Program Files (x86)\MSBuild\Microsoft.Cpp\v4.0\V120\Microsoft.CppBuild.targets(1363,5): warning MSB8012: TargetName(tinyxml_lib) does not match the Library's OutputFile property value (tinyxml). This may cause your project to build incorrectly. To correct this, please make sure that $(OutDir), $(TargetName) and $(TargetExt) property values match the value specified in %(Lib.OutputFile).
       Lib:
         C:\Program Files (x86)\Microsoft Visual Studio 12.0\VC\bin\Lib.exe /OUT:"C:\dev\ENSG_VS13\tinyxml\/Release/tinyxml.lib" /NOLOGO C:\dev\ENSG_VS13\tinyxml\build/Release/tinystr.obj
         C:\dev\ENSG_VS13\tinyxml\build/Release/tinyxml.obj
         C:\dev\ENSG_VS13\tinyxml\build/Release/tinyxmlerror.obj
         C:\dev\ENSG_VS13\tinyxml\build/Release/tinyxmlparser.obj
         tinyxml_lib.vcxproj -> C:\dev\ENSG_VS13\tinyxml\Release\tinyxml_lib.lib
     1>Done Building Project "C:\dev\ENSG_VS13\tinyxml\tinyxml_lib.vcxproj" (Build target(s)).

Build succeeded.

Time Elapsed 00:00:02.49
