Build started 18/05/2016 12:04:36.
     1>Project "C:\Users\Loic\Documents\GitHub\LaserTarget\Projet\libXTools\LibXTools.vcxproj" on node 2 (Build target(s)).
     1>ClCompile:
         C:\Program Files\Microsoft Visual Studio 12.0\VC\bin\CL.exe /c /I"../libTiff-3.8.2/libtiff" /I../tinyxml /ZI /nologo /W3 /WX- /Od /Oy- /D WIN32 /D _DEBUG /D _LIB /D TIXML_USE_STL /D _USE_MATH_DEFINES /D _MBCS /Gm /EHsc /RTC1 /MDd /GS /fp:precise /Zc:wchar_t /Zc:forScope /Fo"Debug\\" /Fd"Debug\vc120.pdb" /Gd /TP /analyze- /errorReport:prompt XRawImage.cpp
         XRawImage.cpp
     1>c:\users\loic\documents\github\lasertarget\projet\libxtools\xrawimage.cpp(111): warning C4996: 'sprintf': This function or variable may be unsafe. Consider using sprintf_s instead. To disable deprecation, use _CRT_SECURE_NO_WARNINGS. See online help for details.
                 c:\program files\microsoft visual studio 12.0\vc\include\stdio.h(356) : see declaration of 'sprintf'
     1>c:\users\loic\documents\github\lasertarget\projet\libxtools\xrawimage.cpp(194): warning C4244: 'initializing' : conversion from 'double' to 'uint32', possible loss of data
     1>c:\users\loic\documents\github\lasertarget\projet\libxtools\xrawimage.cpp(196): warning C4244: 'initializing' : conversion from 'double' to 'uint32', possible loss of data
     1>c:\users\loic\documents\github\lasertarget\projet\libxtools\xrawimage.cpp(336): warning C4244: 'initializing' : conversion from 'double' to 'uint32', possible loss of data
     1>c:\users\loic\documents\github\lasertarget\projet\libxtools\xrawimage.cpp(337): warning C4244: 'initializing' : conversion from 'double' to 'uint32', possible loss of data
     1>c:\users\loic\documents\github\lasertarget\projet\libxtools\xrawimage.cpp(659): warning C4018: '<' : signed/unsigned mismatch
     1>c:\users\loic\documents\github\lasertarget\projet\libxtools\xrawimage.cpp(747): warning C4018: '<' : signed/unsigned mismatch
     1>c:\users\loic\documents\github\lasertarget\projet\libxtools\xrawimage.cpp(769): warning C4018: '<' : signed/unsigned mismatch
       Lib:
         C:\Program Files\Microsoft Visual Studio 12.0\VC\bin\Lib.exe /OUT:"C:\Users\Loic\Documents\GitHub\LaserTarget\Projet\LaserTarget\Debug\LibXTools.lib" /NOLOGO Debug\ConsoleError.obj
         Debug\XArchiGeoref.obj
         Debug\XArchiGeorefXML.obj
         Debug\XArchiXMLBaseTools.obj
         Debug\XArchiXMLTools.obj
         Debug\XErrorTxt.obj
         Debug\XErrorXml.obj
         Debug\XFileTxtReader.obj
         Debug\XFrame.obj
         Debug\XImage.obj
         Debug\XImageLoader.obj
         Debug\XImageTiffLoader.obj
         Debug\XMat3D.obj
         Debug\XPath.obj
         Debug\XPt2D.obj
         Debug\XPt3D.obj
         Debug\XQuaternion.obj
         Debug\XRawImage.obj
         Debug\XRect.obj
         Debug\XSensor.obj
         Debug\XSensorXML.obj
         Debug\XStringTools.obj
         Debug\XSystemInfo.obj
     1>XImageLoader.obj : warning LNK4221: This object file does not define any previously undefined public symbols, so it will not be used by any link operation that consumes this library
         LibXTools.vcxproj -> C:\Users\Loic\Documents\GitHub\LaserTarget\Projet\LaserTarget\Debug\LibXTools.lib
     1>Done Building Project "C:\Users\Loic\Documents\GitHub\LaserTarget\Projet\libXTools\LibXTools.vcxproj" (Build target(s)).

Build succeeded.

Time Elapsed 00:00:19.79
