c:\users\loic\documents\github\lasertarget\projet\libxtools\debug\vc120.pdb
c:\users\loic\documents\github\lasertarget\projet\libxtools\debug\vc120.idb
c:\users\loic\documents\github\lasertarget\projet\libxtools\debug\xarchixmlbasetools.obj
c:\users\loic\documents\github\lasertarget\projet\libxtools\debug\xarchixmltools.obj
c:\users\loic\documents\github\lasertarget\projet\libxtools\debug\xerrortxt.obj
c:\users\loic\documents\github\lasertarget\projet\libxtools\debug\xerrorxml.obj
c:\users\loic\documents\github\lasertarget\projet\libxtools\debug\xfiletxtreader.obj
c:\users\loic\documents\github\lasertarget\projet\libxtools\debug\xframe.obj
c:\users\loic\documents\github\lasertarget\projet\libxtools\debug\ximage.obj
c:\users\loic\documents\github\lasertarget\projet\libxtools\debug\ximageloader.obj
c:\users\loic\documents\github\lasertarget\projet\libxtools\debug\ximagetiffloader.obj
c:\users\loic\documents\github\lasertarget\projet\libxtools\debug\xmat3d.obj
c:\users\loic\documents\github\lasertarget\projet\libxtools\debug\xpath.obj
c:\users\loic\documents\github\lasertarget\projet\libxtools\debug\xpt2d.obj
c:\users\loic\documents\github\lasertarget\projet\libxtools\debug\xpt3d.obj
c:\users\loic\documents\github\lasertarget\projet\libxtools\debug\xquaternion.obj
c:\users\loic\documents\github\lasertarget\projet\libxtools\debug\xrawimage.obj
c:\users\loic\documents\github\lasertarget\projet\libxtools\debug\xrect.obj
c:\users\loic\documents\github\lasertarget\projet\libxtools\debug\xsensor.obj
c:\users\loic\documents\github\lasertarget\projet\libxtools\debug\xsensorxml.obj
c:\users\loic\documents\github\lasertarget\projet\libxtools\debug\xstringtools.obj
c:\users\loic\documents\github\lasertarget\projet\libxtools\debug\xsysteminfo.obj
c:\users\loic\documents\github\lasertarget\projet\libxtools\debug\consoleerror.obj
c:\users\loic\documents\github\lasertarget\projet\libxtools\debug\xarchigeoref.obj
c:\users\loic\documents\github\lasertarget\projet\libxtools\debug\xarchigeorefxml.obj
c:\users\loic\documents\github\lasertarget\projet\lasertarget\debug\libxtools.lib
c:\users\loic\documents\github\lasertarget\projet\libxtools\debug\libxtools.tlog\cl.command.1.tlog
c:\users\loic\documents\github\lasertarget\projet\libxtools\debug\libxtools.tlog\cl.read.1.tlog
c:\users\loic\documents\github\lasertarget\projet\libxtools\debug\libxtools.tlog\cl.write.1.tlog
c:\users\loic\documents\github\lasertarget\projet\libxtools\debug\libxtools.tlog\lib-link.read.1.tlog
c:\users\loic\documents\github\lasertarget\projet\libxtools\debug\libxtools.tlog\lib-link.write.1.tlog
c:\users\loic\documents\github\lasertarget\projet\libxtools\debug\libxtools.tlog\lib.command.1.tlog
