Build started 01/10/2015 10:43:49.
     1>Project "C:\dev\ENSG_VS13\zlib\zlib.vcxproj" on node 3 (Build target(s)).
     1>ClCompile:
         C:\Program Files (x86)\Microsoft Visual Studio 12.0\VC\bin\CL.exe /c /Zi /nologo /W3 /WX- /O2 /Oy- /D WIN32 /D NDEBUG /D _WINDOWS /D ZLIB_DLL /D _VC80_UPGRADE=0x0710 /D _WINDLL /D _MBCS /Gm- /EHsc /MD /GS /fp:precise /Zc:wchar_t /Zc:forScope /Fo"C:\dev\ENSG_VS13\libTiff-3.8.2\build/Release/" /Fd"C:\dev\ENSG_VS13\libTiff-3.8.2\build/Release/zlib.pdb" /Gd /TC /analyze- /errorReport:prompt adler32.c compress.c crc32.c deflate.c gzio.c infback.c inffast.c inflate.c inftrees.c trees.c uncompr.c zutil.c
         adler32.c
         compress.c
         crc32.c
         deflate.c
         gzio.c
     1>gzio.c(131): warning C4996: 'strcpy': This function or variable may be unsafe. Consider using strcpy_s instead. To disable deprecation, use _CRT_SECURE_NO_WARNINGS. See online help for details.
     1>gzio.c(181): warning C4996: 'fopen': This function or variable may be unsafe. Consider using fopen_s instead. To disable deprecation, use _CRT_SECURE_NO_WARNINGS. See online help for details.
                 C:\Program Files (x86)\Microsoft Visual Studio 12.0\VC\include\stdio.h(211) : see declaration of 'fopen'
     1>gzio.c(226): warning C4996: 'sprintf': This function or variable may be unsafe. Consider using sprintf_s instead. To disable deprecation, use _CRT_SECURE_NO_WARNINGS. See online help for details.
                 C:\Program Files (x86)\Microsoft Visual Studio 12.0\VC\include\stdio.h(356) : see declaration of 'sprintf'
     1>gzio.c(627): warning C4996: '_vsnprintf': This function or variable may be unsafe. Consider using _vsnprintf_s instead. To disable deprecation, use _CRT_SECURE_NO_WARNINGS. See online help for details.
                 C:\Program Files (x86)\Microsoft Visual Studio 12.0\VC\include\stdio.h(346) : see declaration of '_vsnprintf'
     1>gzio.c(1001): warning C4996: 'strerror': This function or variable may be unsafe. Consider using strerror_s instead. To disable deprecation, use _CRT_SECURE_NO_WARNINGS. See online help for details.
                 C:\Program Files (x86)\Microsoft Visual Studio 12.0\VC\include\string.h(168) : see declaration of 'strerror'
     1>gzio.c(1008): warning C4996: 'strcpy': This function or variable may be unsafe. Consider using strcpy_s instead. To disable deprecation, use _CRT_SECURE_NO_WARNINGS. See online help for details.
     1>gzio.c(1009): warning C4996: 'strcat': This function or variable may be unsafe. Consider using strcat_s instead. To disable deprecation, use _CRT_SECURE_NO_WARNINGS. See online help for details.
     1>gzio.c(1010): warning C4996: 'strcat': This function or variable may be unsafe. Consider using strcat_s instead. To disable deprecation, use _CRT_SECURE_NO_WARNINGS. See online help for details.
         infback.c
         inffast.c
         inflate.c
         inftrees.c
         trees.c
         uncompr.c
         zutil.c
         Generating Code...
       Link:
         C:\Program Files (x86)\Microsoft Visual Studio 12.0\VC\bin\link.exe /ERRORREPORT:PROMPT /OUT:"C:\dev\ENSG_VS13\libTiff-3.8.2\Release\zlib.dll" /NOLOGO kernel32.lib user32.lib gdi32.lib winspool.lib comdlg32.lib advapi32.lib shell32.lib ole32.lib oleaut32.lib uuid.lib odbc32.lib odbccp32.lib /MANIFEST /MANIFESTUAC:"level='asInvoker' uiAccess='false'" /manifest:embed /PDB:"C:\dev\ENSG_VS13\libTiff-3.8.2\Release\zlib.pdb" /TLBID:1 /DYNAMICBASE:NO /IMPLIB:"C:\dev\ENSG_VS13\libTiff-3.8.2\Release\zlib.lib" /MACHINE:X86 /SAFESEH /DLL "C:\dev\ENSG_VS13\libTiff-3.8.2\build/Release/adler32.obj"
         "C:\dev\ENSG_VS13\libTiff-3.8.2\build/Release/compress.obj"
         "C:\dev\ENSG_VS13\libTiff-3.8.2\build/Release/crc32.obj"
         "C:\dev\ENSG_VS13\libTiff-3.8.2\build/Release/deflate.obj"
         "C:\dev\ENSG_VS13\libTiff-3.8.2\build/Release/gzio.obj"
         "C:\dev\ENSG_VS13\libTiff-3.8.2\build/Release/infback.obj"
         "C:\dev\ENSG_VS13\libTiff-3.8.2\build/Release/inffast.obj"
         "C:\dev\ENSG_VS13\libTiff-3.8.2\build/Release/inflate.obj"
         "C:\dev\ENSG_VS13\libTiff-3.8.2\build/Release/inftrees.obj"
         "C:\dev\ENSG_VS13\libTiff-3.8.2\build/Release/trees.obj"
         "C:\dev\ENSG_VS13\libTiff-3.8.2\build/Release/uncompr.obj"
         "C:\dev\ENSG_VS13\libTiff-3.8.2\build/Release/zutil.obj"
            Creating library C:\dev\ENSG_VS13\libTiff-3.8.2\Release\zlib.lib and object C:\dev\ENSG_VS13\libTiff-3.8.2\Release\zlib.exp
         zlib.vcxproj -> C:\dev\ENSG_VS13\libTiff-3.8.2\Release\zlib.dll
     1>Done Building Project "C:\dev\ENSG_VS13\zlib\zlib.vcxproj" (Build target(s)).

Build succeeded.

Time Elapsed 00:00:01.76
