Build started 01/10/2015 10:29:20.
     1>Project "C:\dev\ENSG_VS13\tinyxml\tinyxml_lib.vcxproj" on node 2 (Build target(s)).
     1>ClCompile:
         C:\Program Files (x86)\Microsoft Visual Studio 12.0\VC\bin\CL.exe /c /ZI /nologo /W3 /WX- /Od /Oy- /D WIN32 /D _DEBUG /D _LIB /D TIXML_USE_STL /D _VC80_UPGRADE=0x0710 /D _MBCS /Gm- /EHsc /RTC1 /MDd /GS /fp:precise /Zc:wchar_t /Zc:forScope /Fo"C:\dev\ENSG_VS13\tinyxml\build/Debug/" /Fd"C:\dev\ENSG_VS13\tinyxml\build/Debug/tinyxmld.pdb" /FR"C:\dev\ENSG_VS13\tinyxml\build/Debug\\" /Gd /TP /analyze- /errorReport:prompt tinystr.cpp tinyxml.cpp tinyxmlerror.cpp tinyxmlparser.cpp
         tinystr.cpp
         tinyxml.cpp
         tinyxmlerror.cpp
         tinyxmlparser.cpp
         Generating Code...
     1>C:\Program Files (x86)\MSBuild\Microsoft.Cpp\v4.0\V120\Microsoft.CppBuild.targets(1361,5): warning MSB8012: TargetPath(C:\dev\ENSG_VS13\tinyxml\Debug\tinyxml_lib.lib) does not match the Library's OutputFile property value (C:\dev\ENSG_VS13\tinyxml\Debug\tinyxml.lib). This may cause your project to build incorrectly. To correct this, please make sure that $(OutDir), $(TargetName) and $(TargetExt) property values match the value specified in %(Lib.OutputFile).
     1>C:\Program Files (x86)\MSBuild\Microsoft.Cpp\v4.0\V120\Microsoft.CppBuild.targets(1363,5): warning MSB8012: TargetName(tinyxml_lib) does not match the Library's OutputFile property value (tinyxml). This may cause your project to build incorrectly. To correct this, please make sure that $(OutDir), $(TargetName) and $(TargetExt) property values match the value specified in %(Lib.OutputFile).
       Lib:
         C:\Program Files (x86)\Microsoft Visual Studio 12.0\VC\bin\Lib.exe /OUT:"C:\dev\ENSG_VS13\tinyxml\/Debug/tinyxml.lib" /NOLOGO C:\dev\ENSG_VS13\tinyxml\build/Debug/tinystr.obj
         C:\dev\ENSG_VS13\tinyxml\build/Debug/tinyxml.obj
         C:\dev\ENSG_VS13\tinyxml\build/Debug/tinyxmlerror.obj
         C:\dev\ENSG_VS13\tinyxml\build/Debug/tinyxmlparser.obj
         tinyxml_lib.vcxproj -> C:\dev\ENSG_VS13\tinyxml\Debug\tinyxml_lib.lib
       BscMake:
         C:\Program Files (x86)\Microsoft Visual Studio 12.0\VC\bin\bscmake.exe /nologo /o"C:\dev\ENSG_VS13\tinyxml\Debug\tinyxml_lib.bsc" C:\dev\ENSG_VS13\tinyxml\build/Debug\tinystr.sbr C:\dev\ENSG_VS13\tinyxml\build/Debug\tinyxml.sbr C:\dev\ENSG_VS13\tinyxml\build/Debug\tinyxmlerror.sbr C:\dev\ENSG_VS13\tinyxml\build/Debug\tinyxmlparser.sbr
     1>Done Building Project "C:\dev\ENSG_VS13\tinyxml\tinyxml_lib.vcxproj" (Build target(s)).

Build succeeded.

Time Elapsed 00:00:03.46
